Namespace(exp_name='exp', model='dgcnn', dataset='modelnet40', batch_size=32, test_batch_size=16, epochs=250, use_sgd=True, lr=0.001, momentum=0.9, no_cuda=False, seed=1, eval=False, num_points=1024, dropout=0.5, emb_dims=1024, k=20, model_path='')
Using CPU
Namespace(exp_name='exp', model='dgcnn', dataset='modelnet40', batch_size=32, test_batch_size=16, epochs=250, use_sgd=True, lr=0.001, momentum=0.9, no_cuda=False, seed=1, eval=False, num_points=1024, dropout=0.5, emb_dims=1024, k=20, model_path='')
Using CPU
Namespace(exp_name='exp', model='dgcnn', dataset='modelnet40', batch_size=32, test_batch_size=16, epochs=250, use_sgd=True, lr=0.001, momentum=0.9, no_cuda=False, seed=1, eval=False, num_points=1024, dropout=0.5, emb_dims=1024, k=20, model_path='')
Using CPU
Namespace(exp_name='exp', model='dgcnn', dataset='modelnet40', batch_size=32, test_batch_size=16, epochs=250, use_sgd=True, lr=0.001, momentum=0.9, no_cuda=False, seed=1, eval=False, num_points=1024, dropout=0.5, emb_dims=1024, k=20, model_path='')
Using CPU
Namespace(exp_name='exp', model='dgcnn', dataset='modelnet40', batch_size=32, test_batch_size=16, epochs=250, use_sgd=True, lr=0.001, momentum=0.9, no_cuda=False, seed=1, eval=False, num_points=1024, dropout=0.5, emb_dims=12, k=20, model_path='')
Using CPU
Namespace(exp_name='exp', model='dgcnn', dataset='modelnet40', batch_size=32, test_batch_size=16, epochs=250, use_sgd=True, lr=0.001, momentum=0.9, no_cuda=False, seed=1, eval=False, num_points=1024, dropout=0.5, emb_dims=12, k=20, model_path='')
Using CPU
Namespace(exp_name='exp', model='dgcnn', dataset='modelnet40', batch_size=32, test_batch_size=16, epochs=250, use_sgd=True, lr=0.001, momentum=0.9, no_cuda=False, seed=1, eval=False, num_points=1024, dropout=0.5, emb_dims=12, k=20, model_path='')
Using CPU
Namespace(exp_name='exp', model='dgcnn', dataset='modelnet40', batch_size=32, test_batch_size=16, epochs=250, use_sgd=True, lr=0.001, momentum=0.9, no_cuda=False, seed=1, eval=False, num_points=1024, dropout=0.5, emb_dims=12, k=20, model_path='')
Using CPU
Namespace(exp_name='exp', model='dgcnn', dataset='modelnet40', batch_size=32, test_batch_size=16, epochs=250, use_sgd=True, lr=0.001, momentum=0.9, no_cuda=False, seed=1, eval=False, num_points=1024, dropout=0.5, emb_dims=12, k=20, model_path='')
Using CPU
Namespace(exp_name='exp', model='dgcnn', dataset='causal', batch_size=32, test_batch_size=16, epochs=250, use_sgd=True, lr=0.001, momentum=0.9, no_cuda=False, seed=1, eval=False, num_points=1024, dropout=0.5, emb_dims=1024, k=20, model_path='')
Using CPU
Namespace(exp_name='exp', model='dgcnn', dataset='causal', batch_size=32, test_batch_size=16, epochs=250, use_sgd=True, lr=0.001, momentum=0.9, no_cuda=False, seed=1, eval=False, num_points=1024, dropout=0.5, emb_dims=1024, k=20, model_path='')
Using CPU
Namespace(exp_name='exp', model='dgcnn', dataset='causal', batch_size=32, test_batch_size=16, epochs=250, use_sgd=True, lr=0.001, momentum=0.9, no_cuda=False, seed=1, eval=False, num_points=1024, dropout=0.5, emb_dims=1024, k=20, model_path='')
Using CPU
Namespace(exp_name='exp', model='dgcnn', dataset='causal', batch_size=32, test_batch_size=16, epochs=250, use_sgd=True, lr=0.001, momentum=0.9, no_cuda=False, seed=1, eval=False, num_points=1024, dropout=0.5, emb_dims=1024, k=20, model_path='')
Using CPU
Namespace(exp_name='exp', model='dgcnn', dataset='modelnet40', batch_size=32, test_batch_size=16, epochs=250, use_sgd=True, lr=0.001, momentum=0.9, no_cuda=False, seed=1, eval=False, num_points=1024, dropout=0.5, emb_dims=12, k=20, model_path='')
Using CPU
Namespace(exp_name='exp', model='dgcnn', dataset='modelnet40', batch_size=32, test_batch_size=16, epochs=250, use_sgd=True, lr=0.001, momentum=0.9, no_cuda=False, seed=1, eval=False, num_points=1024, dropout=0.5, emb_dims=12, k=20, model_path='')
Using CPU
Namespace(exp_name='exp', model='dgcnn', dataset='causal', batch_size=32, test_batch_size=16, epochs=250, use_sgd=True, lr=0.001, momentum=0.9, no_cuda=False, seed=1, eval=False, num_points=1024, dropout=0.5, emb_dims=1024, k=20, model_path='')
Using CPU
Namespace(exp_name='exp', model='dgcnn', dataset='causal', batch_size=32, test_batch_size=16, epochs=250, use_sgd=True, lr=0.001, momentum=0.9, no_cuda=False, seed=1, eval=False, num_points=1024, dropout=0.5, emb_dims=1024, k=20, model_path='')
Using CPU
Namespace(exp_name='exp', model='dgcnn', dataset='causal', batch_size=32, test_batch_size=16, epochs=250, use_sgd=True, lr=0.001, momentum=0.9, no_cuda=False, seed=1, eval=False, num_points=1024, dropout=0.5, emb_dims=1024, k=20, model_path='')
Using CPU
Namespace(exp_name='exp', model='dgcnn', dataset='causal', batch_size=32, test_batch_size=16, epochs=250, use_sgd=True, lr=0.001, momentum=0.9, no_cuda=False, seed=1, eval=False, num_points=1024, dropout=0.5, emb_dims=1024, k=20, model_path='')
Using CPU
Namespace(exp_name='exp', model='dgcnn', dataset='causal', batch_size=32, test_batch_size=16, epochs=250, use_sgd=True, lr=0.001, momentum=0.9, no_cuda=False, seed=1, eval=False, num_points=1024, dropout=0.5, emb_dims=1024, k=20, model_path='')
Using CPU
Namespace(exp_name='exp', model='dgcnn', dataset='causal', batch_size=32, test_batch_size=16, epochs=250, use_sgd=True, lr=0.001, momentum=0.9, no_cuda=False, seed=1, eval=False, num_points=1024, dropout=0.5, emb_dims=1024, k=20, model_path='')
Using CPU
Namespace(exp_name='exp', model='dgcnn', dataset='causal', batch_size=32, test_batch_size=16, epochs=250, use_sgd=True, lr=0.001, momentum=0.9, no_cuda=False, seed=1, eval=False, num_points=1024, dropout=0.5, emb_dims=1024, k=20, model_path='')
Using CPU
Namespace(exp_name='exp', model='dgcnn', dataset='causal', batch_size=32, test_batch_size=16, epochs=250, use_sgd=True, lr=0.001, momentum=0.9, no_cuda=False, seed=1, eval=False, num_points=1024, dropout=0.5, emb_dims=1024, k=2, model_path='')
Using CPU
Namespace(exp_name='exp', model='dgcnn', dataset='causal', batch_size=32, test_batch_size=16, epochs=250, use_sgd=True, lr=0.001, momentum=0.9, no_cuda=True, seed=1, eval=False, num_points=1024, dropout=0.5, emb_dims=1024, k=2, model_path='')
Using CPU
Namespace(exp_name='exp', model='dgcnn', dataset='causal', batch_size=32, test_batch_size=16, epochs=250, use_sgd=True, lr=0.001, momentum=0.9, no_cuda=True, seed=1, eval=False, num_points=1024, dropout=0.5, emb_dims=1024, k=2, model_path='')
Using CPU
Namespace(exp_name='exp', model='dgcnn', dataset='causal', batch_size=32, test_batch_size=16, epochs=250, use_sgd=True, lr=0.001, momentum=0.9, no_cuda=True, seed=1, eval=False, num_points=1024, dropout=0.5, emb_dims=1024, k=2, model_path='')
Using CPU
Namespace(exp_name='exp', model='dgcnn', dataset='causal', batch_size=32, test_batch_size=16, epochs=250, use_sgd=True, lr=0.001, momentum=0.9, no_cuda=True, seed=1, eval=False, num_points=1024, dropout=0.5, emb_dims=1024, k=2, model_path='')
Using CPU
Namespace(exp_name='exp', model='dgcnn', dataset='causal', batch_size=32, test_batch_size=16, epochs=250, use_sgd=True, lr=0.001, momentum=0.9, no_cuda=True, seed=1, eval=False, num_points=1024, dropout=0.5, emb_dims=1024, k=2, model_path='')
Using CPU
Train 0, loss: 2.625952, train acc: 0.830357, train avg acc: 0.830357
Test 0, loss: 3.168840, test acc: 0.272000, test avg acc: 0.272000
Train 1, loss: 2.544031, train acc: 1.000000, train avg acc: 1.000000
Test 1, loss: 1.400832, test acc: 1.000000, test avg acc: 1.000000
Train 2, loss: 1.679203, train acc: 0.950893, train avg acc: 0.950893
Test 2, loss: 1.772353, test acc: 1.000000, test avg acc: 1.000000
